x:\work\uni\game programming\penguine\penguine\x64\debug\vc142.pdb
x:\work\uni\game programming\penguine\penguine\x64\debug\vc142.idb
x:\work\uni\game programming\penguine\penguine\x64\debug\main.obj
x:\work\uni\game programming\penguine\penguine\x64\debug\list.obj
x:\work\uni\game programming\penguine\penguine\x64\debug\clist.obj
x:\work\uni\game programming\penguine\penguine\x64\debug\cbinarytree.obj
x:\work\uni\game programming\penguine\penguine\x64\debug\binarytree.obj
x:\work\uni\game programming\penguine\penguine\x64\debug\time.obj
x:\work\uni\game programming\penguine\penguine\x64\debug\graphics.obj
x:\work\uni\game programming\penguine\penguine\x64\debug\engine.obj
x:\work\uni\game programming\penguine\penguine\x64\debug\gameobject.obj
x:\work\uni\game programming\penguine\penguine\x64\debug\component.obj
x:\work\uni\game programming\penguine\penguine\x64\debug\scene.obj
x:\work\uni\game programming\penguine\penguine\x64\debug\ptransform.obj
x:\work\uni\game programming\penguine\penguine\x64\debug\spriterenderer.obj
x:\work\uni\game programming\penguine\penguine\x64\debug\penguineobject.obj
x:\work\uni\game programming\penguine\x64\debug\penguine.exe
x:\work\uni\game programming\penguine\x64\debug\penguine.ilk
x:\work\uni\game programming\penguine\x64\debug\penguine.pdb
x:\work\uni\game programming\penguine\penguine\x64\debug\penguine.tlog\cl.command.1.tlog
x:\work\uni\game programming\penguine\penguine\x64\debug\penguine.tlog\cl.read.1.tlog
x:\work\uni\game programming\penguine\penguine\x64\debug\penguine.tlog\cl.write.1.tlog
x:\work\uni\game programming\penguine\penguine\x64\debug\penguine.tlog\link.command.1.tlog
x:\work\uni\game programming\penguine\penguine\x64\debug\penguine.tlog\link.read.1.tlog
x:\work\uni\game programming\penguine\penguine\x64\debug\penguine.tlog\link.write.1.tlog
